<?xml version="1.0" encoding="UTF-8"?>
<testsuite xmlns:xsi="http://www.w3.org/2001/XMLSchema-instance" xsi:noNamespaceSchemaLocation="https://maven.apache.org/surefire/maven-surefire-plugin/xsd/surefire-test-report.xsd" name="com.eva.iplacex.Eva03.AppTest" time="1.116" tests="4" errors="0" skipped="0" failures="0">
  <properties>
[...]
</properties>
  <testcase name="testUsuarioIncorrecto" classname="com.eva.iplacex.Eva03.AppTest" time="0.865"/>
  <testcase name="testConexion" classname="com.eva.iplacex.Eva03.AppTest" time="0.005"/>
  <testcase name="testUsuarioCorrecto" classname="com.eva.iplacex.Eva03.AppTest" time="0.049"/>
  <testcase name="testUsuarioVacio" classname="com.eva.iplacex.Eva03.AppTest" time="0.025"/>
</testsuite>